<?xml version="1.0" encoding="UTF-8"?>
<coverage generated="1552324919463" clover="3.2.0">
  <project timestamp="1552324919463" name="All files">
    <metrics statements="31" coveredstatements="31" conditionals="2" coveredconditionals="2" methods="10" coveredmethods="10" elements="43" coveredelements="43" complexity="0" loc="31" ncloc="31" packages="1" files="1" classes="1"/>
    <file name="json-placeholder-replacer.ts" path="/Users/gmoraes/Dev/jsonPlaceholderReplacer/src/json-placeholder-replacer.ts">
      <metrics statements="31" coveredstatements="31" conditionals="2" coveredconditionals="2" methods="10" coveredmethods="10"/>
      <line num="1" count="1" type="stmt"/>
      <line num="3" count="1" type="stmt"/>
      <line num="4" count="23" type="stmt"/>
      <line num="8" count="1" type="stmt"/>
      <line num="10" count="22" type="stmt"/>
      <line num="12" count="23" type="stmt"/>
      <line num="16" count="23" type="stmt"/>
      <line num="19" count="23" type="stmt"/>
      <line num="21" count="43" type="stmt"/>
      <line num="23" count="9" type="stmt"/>
      <line num="25" count="34" type="stmt"/>
      <line num="28" count="32" type="stmt"/>
      <line num="32" count="34" type="stmt"/>
      <line num="33" count="24" type="stmt"/>
      <line num="34" count="24" type="stmt"/>
      <line num="35" count="24" type="cond" truecount="2" falsecount="0"/>
      <line num="37" count="34" type="stmt"/>
      <line num="40" count="34" type="stmt"/>
      <line num="43" count="20" type="stmt"/>
      <line num="48" count="24" type="stmt"/>
      <line num="49" count="24" type="stmt"/>
      <line num="50" count="24" type="stmt"/>
      <line num="55" count="2" type="stmt"/>
      <line num="57" count="27" type="stmt"/>
      <line num="59" count="22" type="stmt"/>
      <line num="61" count="5" type="stmt"/>
      <line num="62" count="5" type="stmt"/>
      <line num="63" count="5" type="stmt"/>
      <line num="64" count="5" type="stmt"/>
      <line num="69" count="4" type="stmt"/>
      <line num="71" count="18" type="stmt"/>
    </file>
  </project>
</coverage>
