{"/Users/gmoraes/Dev/jsonPlaceholderReplacer/src/json-placeholder-replacer.ts": {"path":"/Users/gmoraes/Dev/jsonPlaceholderReplacer/src/json-placeholder-replacer.ts","statementMap":{"0":{"start":{"line":1,"column":0},"end":{"line":1,"column":49}},"1":{"start":{"line":4,"column":12},"end":{"line":4,"column":36}},"2":{"start":{"line":19,"column":12},"end":{"line":29,"column":null}},"3":{"start":{"line":21,"column":30},"end":{"line":21,"column":39}},"4":{"start":{"line":23,"column":16},"end":{"line":23,"column":60}},"5":{"start":{"line":25,"column":16},"end":{"line":25,"column":68}},"6":{"start":{"line":28,"column":8},"end":{"line":28,"column":20}},"7":{"start":{"line":8,"column":12},"end":{"line":8,"column":60}},"8":{"start":{"line":10,"column":12},"end":{"line":10,"column":48}},"9":{"start":{"line":12,"column":8},"end":{"line":12,"column":20}},"10":{"start":{"line":16,"column":8},"end":{"line":16,"column":72}},"11":{"start":{"line":32,"column":23},"end":{"line":36,"column":9}},"12":{"start":{"line":33,"column":33},"end":{"line":33,"column":78}},"13":{"start":{"line":34,"column":29},"end":{"line":34,"column":55}},"14":{"start":{"line":35,"column":12},"end":{"line":35,"column":71}},"15":{"start":{"line":37,"column":21},"end":{"line":38,"column":45}},"16":{"start":{"line":40,"column":12},"end":{"line":40,"column":38}},"17":{"start":{"line":43,"column":12},"end":{"line":43,"column":26}},"18":{"start":{"line":48,"column":21},"end":{"line":48,"column":30}},"19":{"start":{"line":49,"column":8},"end":{"line":49,"column":86}},"20":{"start":{"line":49,"column":41},"end":{"line":49,"column":84}},"21":{"start":{"line":50,"column":8},"end":{"line":50,"column":22}},"22":{"start":{"line":55,"column":12},"end":{"line":55,"column":19}},"23":{"start":{"line":57,"column":27},"end":{"line":57,"column":36}},"24":{"start":{"line":59,"column":12},"end":{"line":59,"column":67}},"25":{"start":{"line":61,"column":19},"end":{"line":61,"column":34}},"26":{"start":{"line":62,"column":28},"end":{"line":62,"column":35}},"27":{"start":{"line":63,"column":8},"end":{"line":63,"column":21}},"28":{"start":{"line":64,"column":8},"end":{"line":64,"column":65}},"29":{"start":{"line":69,"column":12},"end":{"line":69,"column":49}},"30":{"start":{"line":71,"column":12},"end":{"line":71,"column":33}},"31":{"start":{"line":3,"column":0},"end":{"line":3,"column":13}}},"fnMap":{"0":{"name":"(anonymous_0)","decl":{"start":{"line":3,"column":0},"end":{"line":3,"column":13}},"loc":{"start":{"line":3,"column":0},"end":{"line":74,"column":1}}},"1":{"name":"(anonymous_1)","decl":{"start":{"line":19,"column":30},"end":{"line":19,"column":31}},"loc":{"start":{"line":19,"column":48},"end":{"line":29,"column":5}}},"2":{"name":"(anonymous_2)","decl":{"start":{"line":6,"column":11},"end":{"line":6,"column":25}},"loc":{"start":{"line":6,"column":54},"end":{"line":13,"column":5}}},"3":{"name":"(anonymous_3)","decl":{"start":{"line":15,"column":11},"end":{"line":15,"column":18}},"loc":{"start":{"line":15,"column":31},"end":{"line":17,"column":5}}},"4":{"name":"(anonymous_4)","decl":{"start":{"line":31,"column":12},"end":{"line":31,"column":24}},"loc":{"start":{"line":31,"column":37},"end":{"line":45,"column":5}}},"5":{"name":"(anonymous_5)","decl":{"start":{"line":32,"column":23},"end":{"line":32,"column":24}},"loc":{"start":{"line":32,"column":55},"end":{"line":36,"column":9}}},"6":{"name":"(anonymous_6)","decl":{"start":{"line":47,"column":12},"end":{"line":47,"column":27}},"loc":{"start":{"line":47,"column":40},"end":{"line":51,"column":5}}},"7":{"name":"(anonymous_7)","decl":{"start":{"line":49,"column":34},"end":{"line":49,"column":37}},"loc":{"start":{"line":49,"column":41},"end":{"line":49,"column":84}}},"8":{"name":"(anonymous_8)","decl":{"start":{"line":53,"column":12},"end":{"line":53,"column":30}},"loc":{"start":{"line":53,"column":53},"end":{"line":65,"column":5}}},"9":{"name":"(anonymous_9)","decl":{"start":{"line":67,"column":12},"end":{"line":67,"column":18}},"loc":{"start":{"line":67,"column":47},"end":{"line":73,"column":5}}}},"branchMap":{"0":{"loc":{"start":{"line":35,"column":46},"end":{"line":35,"column":56}},"type":"cond-expr","locations":[{"start":{"line":35,"column":46},"end":{"line":35,"column":56}},{"start":{"line":35,"column":59},"end":{"line":35,"column":70}}]}},"s":{"0":1,"1":23,"2":23,"3":43,"4":9,"5":34,"6":32,"7":1,"8":22,"9":23,"10":23,"11":34,"12":24,"13":24,"14":24,"15":34,"16":34,"17":20,"18":24,"19":24,"20":24,"21":24,"22":2,"23":27,"24":22,"25":5,"26":5,"27":5,"28":5,"29":4,"30":18,"31":1},"f":{"0":23,"1":32,"2":23,"3":23,"4":34,"5":24,"6":24,"7":24,"8":29,"9":22},"b":{"0":[21,3]}}
}
