TN:
SF:/Users/gmoraes/Dev/jsonPlaceholderReplacer/src/json-placeholder-replacer.ts
FN:3,(anonymous_0)
FN:19,(anonymous_1)
FN:6,(anonymous_2)
FN:15,(anonymous_3)
FN:31,(anonymous_4)
FN:32,(anonymous_5)
FN:47,(anonymous_6)
FN:49,(anonymous_7)
FN:53,(anonymous_8)
FN:67,(anonymous_9)
FNF:10
FNH:10
FNDA:23,(anonymous_0)
FNDA:32,(anonymous_1)
FNDA:23,(anonymous_2)
FNDA:23,(anonymous_3)
FNDA:34,(anonymous_4)
FNDA:24,(anonymous_5)
FNDA:24,(anonymous_6)
FNDA:24,(anonymous_7)
FNDA:29,(anonymous_8)
FNDA:22,(anonymous_9)
DA:1,1
DA:3,1
DA:4,23
DA:8,1
DA:10,22
DA:12,23
DA:16,23
DA:19,23
DA:21,43
DA:23,9
DA:25,34
DA:28,32
DA:32,34
DA:33,24
DA:34,24
DA:35,24
DA:37,34
DA:40,34
DA:43,20
DA:48,24
DA:49,24
DA:50,24
DA:55,2
DA:57,27
DA:59,22
DA:61,5
DA:62,5
DA:63,5
DA:64,5
DA:69,4
DA:71,18
LF:31
LH:31
BRDA:35,0,0,21
BRDA:35,0,1,3
BRF:2
BRH:2
end_of_record
